 
****************************************
Report : cell
Design : Adder
Version: B-2008.09
Date   : Thu May 25 16:51:43 2017
****************************************

Attributes:
    b - black box (unknown)
    h - hierarchical
    n - noncombinational
    r - removable
    u - contains unmapped logic

Cell                      Reference       Library             Area  Attributes
--------------------------------------------------------------------------------
Sum_reg[0]                DFF_X2          NangateOpenCellLibrary_PDKv1_2_v2008_10
                                                            4.7880  n
Sum_reg[1]                DFF_X2          NangateOpenCellLibrary_PDKv1_2_v2008_10
                                                            4.7880  n
Sum_reg[2]                DFF_X2          NangateOpenCellLibrary_PDKv1_2_v2008_10
                                                            4.7880  n
Sum_reg[3]                DFF_X2          NangateOpenCellLibrary_PDKv1_2_v2008_10
                                                            4.7880  n
Sum_reg[4]                DFF_X2          NangateOpenCellLibrary_PDKv1_2_v2008_10
                                                            4.7880  n
Sum_reg[5]                DFF_X2          NangateOpenCellLibrary_PDKv1_2_v2008_10
                                                            4.7880  n
Sum_reg[6]                DFF_X2          NangateOpenCellLibrary_PDKv1_2_v2008_10
                                                            4.7880  n
Sum_reg[7]                DFF_X2          NangateOpenCellLibrary_PDKv1_2_v2008_10
                                                            4.7880  n
Sum_reg[8]                DFF_X2          NangateOpenCellLibrary_PDKv1_2_v2008_10
                                                            4.7880  n
a0                        approx_full_adder_0               2.1280  h
a1                        approx_full_adder_3               2.1280  h
a2                        approx_full_adder_2               2.1280  h
a3                        approx_full_adder_1               2.1280  h
a4                        full_adder_0                      5.0540  h
a5                        full_adder_3                      5.0540  h
a6                        full_adder_2                      5.0540  h
a7                        full_adder_1                      5.0540  h
--------------------------------------------------------------------------------
Total 17 cells                                             71.8200
1
