 
****************************************
Report : timing
        -path full
        -delay max
        -max_paths 1
Design : Adder
Version: B-2008.09
Date   : Thu May 25 16:51:43 2017
****************************************

Operating Conditions: slow   Library: NangateOpenCellLibrary_PDKv1_2_v2008_10
Wire Load Model Mode: top

  Startpoint: Y[4] (input port clocked by clock)
  Endpoint: Sum_reg[8] (rising edge-triggered flip-flop clocked by clock)
  Path Group: clock
  Path Type: max

  Point                                    Incr       Path
  -----------------------------------------------------------
  clock clock (rise edge)                0.0000     0.0000
  clock network delay (ideal)            0.0000     0.0000
  input external delay                   0.6580     0.6580 f
  Y[4] (in)                              0.0203     0.6783 f
  a4/B (full_adder_0)                    0.0000     0.6783 f
  a4/U4/Z (XOR2_X1)                      0.3631     1.0414 f
  a4/U3/ZN (AOI22_X1)                    0.4023     1.4437 r
  a4/U1/ZN (INV_X2)                      0.0792     1.5229 f
  a4/Cout (full_adder_0)                 0.0000     1.5229 f
  a5/Cin (full_adder_3)                  0.0000     1.5229 f
  a5/U3/ZN (AOI22_X1)                    0.4614     1.9843 r
  a5/U1/ZN (INV_X2)                      0.0792     2.0635 f
  a5/Cout (full_adder_3)                 0.0000     2.0635 f
  a6/Cin (full_adder_2)                  0.0000     2.0635 f
  a6/U3/ZN (AOI22_X1)                    0.4614     2.5250 r
  a6/U1/ZN (INV_X2)                      0.0792     2.6042 f
  a6/Cout (full_adder_2)                 0.0000     2.6042 f
  a7/Cin (full_adder_1)                  0.0000     2.6042 f
  a7/U3/ZN (AOI22_X1)                    0.4614     3.0656 r
  a7/U1/ZN (INV_X2)                      0.0608     3.1264 f
  a7/Cout (full_adder_1)                 0.0000     3.1264 f
  Sum_reg[8]/D (DFF_X2)                  0.0000     3.1264 f
  data arrival time                                 3.1264

  clock clock (rise edge)               10.0000    10.0000
  clock network delay (ideal)            0.0000    10.0000
  clock uncertainty                     -0.0500     9.9500
  Sum_reg[8]/CK (DFF_X2)                 0.0000     9.9500 r
  library setup time                    -0.3122     9.6378
  data required time                                9.6378
  -----------------------------------------------------------
  data required time                                9.6378
  data arrival time                                -3.1264
  -----------------------------------------------------------
  slack (MET)                                       6.5114


1
