 
****************************************
Report : timing
        -path full
        -delay max
        -max_paths 1
Design : Adder
Version: B-2008.09
Date   : Wed May 24 17:04:19 2017
****************************************

Operating Conditions: slow   Library: NangateOpenCellLibrary_PDKv1_2_v2008_10
Wire Load Model Mode: top

  Startpoint: Y[0] (input port clocked by clock)
  Endpoint: Sum_reg[3] (rising edge-triggered flip-flop clocked by clock)
  Path Group: clock
  Path Type: max

  Point                                    Incr       Path
  -----------------------------------------------------------
  clock clock (rise edge)                0.0000     0.0000
  clock network delay (ideal)            0.0000     0.0000
  input external delay                   0.6580     0.6580 f
  Y[0] (in)                              0.0203     0.6783 f
  a0/B (full_adder_0)                    0.0000     0.6783 f
  a0/U4/Z (XOR2_X1)                      0.3631     1.0414 f
  a0/U3/ZN (AOI22_X1)                    0.4023     1.4437 r
  a0/U1/ZN (INV_X2)                      0.0792     1.5229 f
  a0/Cout (full_adder_0)                 0.0000     1.5229 f
  a1/Cin (full_adder_7)                  0.0000     1.5229 f
  a1/U3/ZN (AOI22_X1)                    0.4614     1.9843 r
  a1/U1/ZN (INV_X2)                      0.0792     2.0635 f
  a1/Cout (full_adder_7)                 0.0000     2.0635 f
  a2/Cin (full_adder_6)                  0.0000     2.0635 f
  a2/U3/ZN (AOI22_X1)                    0.4614     2.5250 r
  a2/U1/ZN (INV_X2)                      0.0792     2.6042 f
  a2/Cout (full_adder_6)                 0.0000     2.6042 f
  a3/Cin (full_adder_5)                  0.0000     2.6042 f
  a3/U3/ZN (AOI22_X1)                    0.4614     3.0656 r
  a3/U1/ZN (INV_X2)                      0.0493     3.1149 f
  a3/Cout (full_adder_5)                 0.0000     3.1149 f
  U3/ZN (AND2_X4)                        0.1956     3.3105 f
  Sum_reg[3]/D (DFF_X2)                  0.0000     3.3105 f
  data arrival time                                 3.3105

  clock clock (rise edge)               10.0000    10.0000
  clock network delay (ideal)            0.0000    10.0000
  clock uncertainty                     -0.0500     9.9500
  Sum_reg[3]/CK (DFF_X2)                 0.0000     9.9500 r
  library setup time                    -0.3016     9.6484
  data required time                                9.6484
  -----------------------------------------------------------
  data required time                                9.6484
  data arrival time                                -3.3105
  -----------------------------------------------------------
  slack (MET)                                       6.3379


1
