Information: Propagating switching activity (medium effort zero delay simulation). (PWR-6)
Warning: The derived static probability value (0.500000) for the clock net 'clock' conflicts with the annotated value (0.466667). Using the annotated value. (PWR-12)
Warning: Design has unannotated primary inputs. (PWR-414)
Warning: Design has unannotated sequential cell outputs. (PWR-415)
 
****************************************
Report : power
        -analysis_effort medium
Design : counter
Version: B-2008.09
Date   : Thu May 25 17:03:27 2017
****************************************


Library(s) Used:

    NangateOpenCellLibrary_PDKv1_2_v2008_10 (File: /home/pxs/synopsys/NANgate_library/NangateOpenCellLibrary_PDKv1_2_v2008_10_typical_conditional_nldm.db)


Operating Conditions: typical   Library: NangateOpenCellLibrary_PDKv1_2_v2008_10
Wire Load Model Mode: top


Global Operating Voltage = 1.1  
Power-specific unit information :
    Voltage Units = 1V
    Capacitance Units = 1.000000pf
    Time Units = 1ns
    Dynamic Power Units = 1mW    (derived from V,C,T units)
    Leakage Power Units = 1pW


  Cell Internal Power  =   2.8781 uW   (74%)
  Net Switching Power  =   1.0245 uW   (26%)
                         ---------
Total Dynamic Power    =   3.9026 uW  (100%)

Cell Leakage Power     = 347.0363 nW

1
